  application.cpp
  rendercall.cpp
  renderer.cpp
E:\Guillem\4t Uni\Grafics Temps Real\Github\GTR_Framework\src\scene.h(8,12): warning C4099: 'cJSON': type name first seen using 'struct' now seen using 'class' (compiling source file ..\..\src\application.cpp)
E:\Guillem\4t Uni\Grafics Temps Real\Github\GTR_Framework\src\extra\cJSON.h(103): message : see declaration of 'cJSON' (compiling source file ..\..\src\application.cpp)
E:\Guillem\4t Uni\Grafics Temps Real\Github\GTR_Framework\src\extra\cJSON.h(104,1): warning C4099: 'cJSON': type name first seen using 'class' now seen using 'struct' (compiling source file ..\..\src\rendercall.cpp)
E:\Guillem\4t Uni\Grafics Temps Real\Github\GTR_Framework\src\extra\cJSON.h(103): message : see declaration of 'cJSON' (compiling source file ..\..\src\rendercall.cpp)
E:\Guillem\4t Uni\Grafics Temps Real\Github\GTR_Framework\src\rendercall.cpp(27,20): warning C4018: '<': signed/unsigned mismatch
E:\Guillem\4t Uni\Grafics Temps Real\Github\GTR_Framework\src\rendercall.cpp(82,20): warning C4018: '<': signed/unsigned mismatch
E:\Guillem\4t Uni\Grafics Temps Real\Github\GTR_Framework\src\application.cpp(132,14): warning C4244: 'initializing': conversion from 'double' to 'float', possible loss of data
E:\Guillem\4t Uni\Grafics Temps Real\Github\GTR_Framework\src\application.cpp(133,20): warning C4244: 'initializing': conversion from 'double' to 'float', possible loss of data
E:\Guillem\4t Uni\Grafics Temps Real\Github\GTR_Framework\src\application.cpp(149,55): warning C4244: 'argument': conversion from 'double' to 'float', possible loss of data
E:\Guillem\4t Uni\Grafics Temps Real\Github\GTR_Framework\src\application.cpp(151,55): warning C4244: 'argument': conversion from 'double' to 'float', possible loss of data
E:\Guillem\4t Uni\Grafics Temps Real\Github\GTR_Framework\src\application.cpp(271,20): warning C4018: '<': signed/unsigned mismatch
E:\Guillem\4t Uni\Grafics Temps Real\Github\GTR_Framework\src\application.cpp(359,36): warning C4244: '*=': conversion from 'double' to 'float', possible loss of data
E:\Guillem\4t Uni\Grafics Temps Real\Github\GTR_Framework\src\application.cpp(361,35): warning C4244: 'argument': conversion from 'double' to 'float', possible loss of data
E:\Guillem\4t Uni\Grafics Temps Real\Github\GTR_Framework\src\extra\cJSON.h(104,1): warning C4099: 'cJSON': type name first seen using 'class' now seen using 'struct' (compiling source file ..\..\src\renderer.cpp)
E:\Guillem\4t Uni\Grafics Temps Real\Github\GTR_Framework\src\extra\cJSON.h(103): message : see declaration of 'cJSON' (compiling source file ..\..\src\renderer.cpp)
E:\Guillem\4t Uni\Grafics Temps Real\Github\GTR_Framework\src\renderer.cpp(20,20): warning C4018: '<': signed/unsigned mismatch
E:\Guillem\4t Uni\Grafics Temps Real\Github\GTR_Framework\src\renderer.cpp(70,20): warning C4018: '<': signed/unsigned mismatch
E:\Guillem\4t Uni\Grafics Temps Real\Github\GTR_Framework\src\renderer.cpp(124,10): warning C4244: 'initializing': conversion from 'long' to 'float', possible loss of data
     Creating library ..\..\framework.lib and object ..\..\framework.exp
LINK : warning LNK4098: defaultlib 'LIBCMT' conflicts with use of other libs; use /NODEFAULTLIB:library
  Generating code
  46 of 4110 functions ( 1.1%) were compiled, the rest were copied from previous compilation.
    30 functions were new in current compilation
    66 functions had inline decision re-evaluated but remain unchanged
  Finished generating code
LINK : warning LNK4286: symbol '___glewDeleteBuffers' defined in 'glew32s.lib(glew.obj)' is imported by 'imgui_impl_opengl3.obj'
LINK : warning LNK4286: symbol '___glewLinkProgram' defined in 'glew32s.lib(glew.obj)' is imported by 'imgui_impl_opengl3.obj'
LINK : warning LNK4286: symbol '___glewDeleteShader' defined in 'glew32s.lib(glew.obj)' is imported by 'imgui_impl_opengl3.obj'
LINK : warning LNK4286: symbol '___glewGenBuffers' defined in 'glew32s.lib(glew.obj)' is imported by 'imgui_impl_opengl3.obj'
LINK : warning LNK4286: symbol '___glewGetProgramInfoLog' defined in 'glew32s.lib(glew.obj)' is imported by 'imgui_impl_opengl3.obj'
LINK : warning LNK4286: symbol '___glewDetachShader' defined in 'glew32s.lib(glew.obj)' is imported by 'imgui_impl_opengl3.obj'
LINK : warning LNK4286: symbol '___glewUniformMatrix4fv' defined in 'glew32s.lib(glew.obj)' is imported by 'imgui_impl_opengl3.obj'
LINK : warning LNK4286: symbol '___glewBlendEquationSeparate' defined in 'glew32s.lib(glew.obj)' is imported by 'imgui_impl_opengl3.obj'
LINK : warning LNK4286: symbol '___glewGenVertexArrays' defined in 'glew32s.lib(glew.obj)' is imported by 'imgui_impl_opengl3.obj'
LINK : warning LNK4286: symbol '___glewBlendEquation' defined in 'glew32s.lib(glew.obj)' is imported by 'imgui_impl_opengl3.obj'
LINK : warning LNK4286: symbol '___glewShaderSource' defined in 'glew32s.lib(glew.obj)' is imported by 'imgui_impl_opengl3.obj'
LINK : warning LNK4286: symbol '___glewDeleteProgram' defined in 'glew32s.lib(glew.obj)' is imported by 'imgui_impl_opengl3.obj'
LINK : warning LNK4286: symbol '___glewActiveTexture' defined in 'glew32s.lib(glew.obj)' is imported by 'imgui_impl_opengl3.obj'
LINK : warning LNK4286: symbol '___glewAttachShader' defined in 'glew32s.lib(glew.obj)' is imported by 'imgui_impl_opengl3.obj'
LINK : warning LNK4286: symbol '___glewBufferData' defined in 'glew32s.lib(glew.obj)' is imported by 'imgui_impl_opengl3.obj'
LINK : warning LNK4286: symbol '___glewGetUniformLocation' defined in 'glew32s.lib(glew.obj)' is imported by 'imgui_impl_opengl3.obj'
LINK : warning LNK4286: symbol '___glewBlendFuncSeparate' defined in 'glew32s.lib(glew.obj)' is imported by 'imgui_impl_opengl3.obj'
LINK : warning LNK4286: symbol '___glewDeleteVertexArrays' defined in 'glew32s.lib(glew.obj)' is imported by 'imgui_impl_opengl3.obj'
LINK : warning LNK4286: symbol '___glewGetProgramiv' defined in 'glew32s.lib(glew.obj)' is imported by 'imgui_impl_opengl3.obj'
LINK : warning LNK4286: symbol '___glewGetShaderInfoLog' defined in 'glew32s.lib(glew.obj)' is imported by 'imgui_impl_opengl3.obj'
LINK : warning LNK4286: symbol '___glewUniform1i' defined in 'glew32s.lib(glew.obj)' is imported by 'imgui_impl_opengl3.obj'
LINK : warning LNK4286: symbol '___glewCreateProgram' defined in 'glew32s.lib(glew.obj)' is imported by 'imgui_impl_opengl3.obj'
LINK : warning LNK4286: symbol '___glewBindBuffer' defined in 'glew32s.lib(glew.obj)' is imported by 'imgui_impl_opengl3.obj'
LINK : warning LNK4286: symbol '___glewCreateShader' defined in 'glew32s.lib(glew.obj)' is imported by 'imgui_impl_opengl3.obj'
LINK : warning LNK4286: symbol '___glewGetAttribLocation' defined in 'glew32s.lib(glew.obj)' is imported by 'imgui_impl_opengl3.obj'
LINK : warning LNK4286: symbol '___glewCompileShader' defined in 'glew32s.lib(glew.obj)' is imported by 'imgui_impl_opengl3.obj'
LINK : warning LNK4286: symbol '___glewGetShaderiv' defined in 'glew32s.lib(glew.obj)' is imported by 'imgui_impl_opengl3.obj'
LINK : warning LNK4286: symbol '___glewDrawElementsBaseVertex' defined in 'glew32s.lib(glew.obj)' is imported by 'imgui_impl_opengl3.obj'
LINK : warning LNK4286: symbol '___glewVertexAttribPointer' defined in 'glew32s.lib(glew.obj)' is imported by 'imgui_impl_opengl3.obj'
LINK : warning LNK4286: symbol '___glewUseProgram' defined in 'glew32s.lib(glew.obj)' is imported by 'imgui_impl_opengl3.obj'
LINK : warning LNK4286: symbol '___glewBindSampler' defined in 'glew32s.lib(glew.obj)' is imported by 'imgui_impl_opengl3.obj'
LINK : warning LNK4286: symbol '___glewBindVertexArray' defined in 'glew32s.lib(glew.obj)' is imported by 'imgui_impl_opengl3.obj'
LINK : warning LNK4286: symbol '___glewEnableVertexAttribArray' defined in 'glew32s.lib(glew.obj)' is imported by 'imgui_impl_opengl3.obj'
glew32s.lib(glew.obj) : warning LNK4099: PDB 'vc120.pdb' was not found with 'glew32s.lib(glew.obj)' or at 'E:\Guillem\4t Uni\Grafics Temps Real\Github\GTR_Framework\vc120.pdb'; linking object as if no debug info
  visualstudio.vcxproj -> E:\Guillem\4t Uni\Grafics Temps Real\Github\GTR_Framework\framework.exe
